{"uuid":"42c1de3c-9282-4528-9b9a-a7bfa47f7ada","historyId":"9e91ad24e742198898fde99ebbd014ec","fullName":"Test the one product end to end functionality: ","labels":[{"name":"tag","value":"Women"},{"name":"host","value":"LAPTOP-IPIJRB2N"},{"name":"thread","value":"23352@LAPTOP-IPIJRB2N.main(1)"},{"name":"feature","value":"Test the one product end to end functionality"},{"name":"story","value":""},{"name":"suite","value":"Test the one product end to end functionality"},{"name":"testClass","value":""},{"name":"framework","value":"cucumber4jvm"},{"name":"language","value":"java"},{"name":"gherkin_uri","value":"file:///D:/Automation%20Work%20Space/LumeProject/src/test/resources/Features/Women.feature"},{"name":"package","value":"src.test.resources.Features.Women_feature.Test the one product end to end functionality"}],"links":[],"name":"","status":"broken","statusDetails":{"known":false,"muted":false,"flaky":false,"message":"element click intercepted: Element <button class=\"action primary checkout\" type=\"submit\" data-bind=\"\n                        click: placeOrder,\n                        attr: {title: $t('Place Order')},\n                        css: {disabled: !isPlaceOrderActionAllowed()},\n                        enable: (getCode() == isChecked())\n                        \" title=\"Place Order\">...</button> is not clickable at point (782, 396). Other element would receive the click: <div class=\"checkout-billing-address\">...</div>\n  (Session info: chrome=108.0.5359.125)\nBuild info: version: '4.7.2', revision: '4d4020c3b7'\nSystem info: os.name: 'Windows 10', os.arch: 'amd64', os.version: '10.0', java.version: '11.0.16'\nDriver info: org.openqa.selenium.chrome.ChromeDriver\nCommand: [a2091a3a7e5083bfe4bb02194ae75dd3, clickElement {id=8400a4c6-8a50-4b79-b653-26dc73ce1c68}]\nCapabilities {acceptInsecureCerts: false, browserName: chrome, browserVersion: 108.0.5359.125, chrome: {chromedriverVersion: 108.0.5359.71 (1e0e3868ee06..., userDataDir: C:\\Users\\infyz\\AppData\\Loca...}, goog:chromeOptions: {debuggerAddress: localhost:61042}, networkConnectionEnabled: false, pageLoadStrategy: normal, platformName: WINDOWS, proxy: Proxy(), se:cdp: ws://localhost:61042/devtoo..., se:cdpVersion: 108.0.5359.125, setWindowRect: true, strictFileInteractability: false, timeouts: {implicit: 0, pageLoad: 300000, script: 30000}, unhandledPromptBehavior: dismiss and notify, webauthn:extension:credBlob: true, webauthn:extension:largeBlob: true, webauthn:virtualAuthenticators: true}\nElement: [[ChromeDriver: chrome on WINDOWS (a2091a3a7e5083bfe4bb02194ae75dd3)] -> xpath: //div[@class='primary']/button[@title='Place Order']]\nSession ID: a2091a3a7e5083bfe4bb02194ae75dd3","trace":"org.openqa.selenium.ElementClickInterceptedException: element click intercepted: Element <button class=\"action primary checkout\" type=\"submit\" data-bind=\"\n                        click: placeOrder,\n                        attr: {title: $t('Place Order')},\n                        css: {disabled: !isPlaceOrderActionAllowed()},\n                        enable: (getCode() == isChecked())\n                        \" title=\"Place Order\">...</button> is not clickable at point (782, 396). Other element would receive the click: <div class=\"checkout-billing-address\">...</div>\n  (Session info: chrome=108.0.5359.125)\nBuild info: version: '4.7.2', revision: '4d4020c3b7'\nSystem info: os.name: 'Windows 10', os.arch: 'amd64', os.version: '10.0', java.version: '11.0.16'\nDriver info: org.openqa.selenium.chrome.ChromeDriver\nCommand: [a2091a3a7e5083bfe4bb02194ae75dd3, clickElement {id=8400a4c6-8a50-4b79-b653-26dc73ce1c68}]\nCapabilities {acceptInsecureCerts: false, browserName: chrome, browserVersion: 108.0.5359.125, chrome: {chromedriverVersion: 108.0.5359.71 (1e0e3868ee06..., userDataDir: C:\\Users\\infyz\\AppData\\Loca...}, goog:chromeOptions: {debuggerAddress: localhost:61042}, networkConnectionEnabled: false, pageLoadStrategy: normal, platformName: WINDOWS, proxy: Proxy(), se:cdp: ws://localhost:61042/devtoo..., se:cdpVersion: 108.0.5359.125, setWindowRect: true, strictFileInteractability: false, timeouts: {implicit: 0, pageLoad: 300000, script: 30000}, unhandledPromptBehavior: dismiss and notify, webauthn:extension:credBlob: true, webauthn:extension:largeBlob: true, webauthn:virtualAuthenticators: true}\nElement: [[ChromeDriver: chrome on WINDOWS (a2091a3a7e5083bfe4bb02194ae75dd3)] -> xpath: //div[@class='primary']/button[@title='Place Order']]\nSession ID: a2091a3a7e5083bfe4bb02194ae75dd3\r\n\tat java.base/jdk.internal.reflect.NativeConstructorAccessorImpl.newInstance0(Native Method)\r\n\tat java.base/jdk.internal.reflect.NativeConstructorAccessorImpl.newInstance(NativeConstructorAccessorImpl.java:62)\r\n\tat java.base/jdk.internal.reflect.DelegatingConstructorAccessorImpl.newInstance(DelegatingConstructorAccessorImpl.java:45)\r\n\tat java.base/java.lang.reflect.Constructor.newInstance(Constructor.java:490)\r\n\tat org.openqa.selenium.remote.codec.w3c.W3CHttpResponseCodec.createException(W3CHttpResponseCodec.java:200)\r\n\tat org.openqa.selenium.remote.codec.w3c.W3CHttpResponseCodec.decode(W3CHttpResponseCodec.java:133)\r\n\tat org.openqa.selenium.remote.codec.w3c.W3CHttpResponseCodec.decode(W3CHttpResponseCodec.java:53)\r\n\tat org.openqa.selenium.remote.HttpCommandExecutor.execute(HttpCommandExecutor.java:184)\r\n\tat org.openqa.selenium.remote.service.DriverCommandExecutor.invokeExecute(DriverCommandExecutor.java:167)\r\n\tat org.openqa.selenium.remote.service.DriverCommandExecutor.execute(DriverCommandExecutor.java:142)\r\n\tat org.openqa.selenium.remote.RemoteWebDriver.execute(RemoteWebDriver.java:535)\r\n\tat org.openqa.selenium.remote.RemoteWebElement.execute(RemoteWebElement.java:257)\r\n\tat org.openqa.selenium.remote.RemoteWebElement.click(RemoteWebElement.java:78)\r\n\tat java.base/jdk.internal.reflect.NativeMethodAccessorImpl.invoke0(Native Method)\r\n\tat java.base/jdk.internal.reflect.NativeMethodAccessorImpl.invoke(NativeMethodAccessorImpl.java:62)\r\n\tat java.base/jdk.internal.reflect.DelegatingMethodAccessorImpl.invoke(DelegatingMethodAccessorImpl.java:43)\r\n\tat java.base/java.lang.reflect.Method.invoke(Method.java:566)\r\n\tat org.openqa.selenium.support.pagefactory.internal.LocatingElementHandler.invoke(LocatingElementHandler.java:52)\r\n\tat com.sun.proxy.$Proxy32.click(Unknown Source)\r\n\tat pages.WomenPage.PlaceOrder(WomenPage.java:191)\r\n\tat steps.WomenTest.user_click_on_place_order_button(WomenTest.java:131)\r\n\tat ✽.user click on place order button(file:///D:/Automation%20Work%20Space/LumeProject/src/test/resources/Features/Women.feature:35)\r\n"},"stage":"finished","steps":[{"name":"Given  user navigate to the Application","status":"passed","statusDetails":{"known":false,"muted":false,"flaky":false},"stage":"finished","steps":[],"attachments":[],"parameters":[],"start":1672259110632,"stop":1672259130038},{"name":"And  user navigated to login page","status":"passed","statusDetails":{"known":false,"muted":false,"flaky":false},"stage":"finished","steps":[],"attachments":[],"parameters":[],"start":1672259130039,"stop":1672259134843},{"name":"When  user enter username and password","status":"passed","statusDetails":{"known":false,"muted":false,"flaky":false},"stage":"finished","steps":[],"attachments":[],"parameters":[],"start":1672259134843,"stop":1672259136849},{"name":"And  user should be logged in","status":"passed","statusDetails":{"known":false,"muted":false,"flaky":false},"stage":"finished","steps":[],"attachments":[],"parameters":[],"start":1672259136849,"stop":1672259142077},{"name":"Then  user should see \"Welcome, satya prasad!\"","status":"passed","statusDetails":{"known":false,"muted":false,"flaky":false},"stage":"finished","steps":[],"attachments":[],"parameters":[],"start":1672259142077,"stop":1672259142865},{"name":"Given  user click on \"Women\" Drop down","status":"passed","statusDetails":{"known":false,"muted":false,"flaky":false},"stage":"finished","steps":[],"attachments":[],"parameters":[],"start":1672259142867,"stop":1672259147935},{"name":"And  user verify \"Women\" breadcrum","status":"passed","statusDetails":{"known":false,"muted":false,"flaky":false},"stage":"finished","steps":[],"attachments":[],"parameters":[],"start":1672259147936,"stop":1672259148651},{"name":"And  user click on \"Hoodies & Sweatshirts\"","status":"passed","statusDetails":{"known":false,"muted":false,"flaky":false},"stage":"finished","steps":[],"attachments":[],"parameters":[],"start":1672259148652,"stop":1672259154882},{"name":"Then  user should see the text of \"Hoodies & Sweatshirts\"","status":"passed","statusDetails":{"known":false,"muted":false,"flaky":false},"stage":"finished","steps":[],"attachments":[],"parameters":[],"start":1672259154883,"stop":1672259156030},{"name":"And  user select any of the product","status":"passed","statusDetails":{"known":false,"muted":false,"flaky":false},"stage":"finished","steps":[],"attachments":[],"parameters":[],"start":1672259156030,"stop":1672259162840},{"name":"Then  user should see ItemName \"Item Name\"","status":"passed","statusDetails":{"known":false,"muted":false,"flaky":false},"stage":"finished","steps":[],"attachments":[],"parameters":[],"start":1672259162840,"stop":1672259163750},{"name":"And  user should see ItemPrice \"ItemPrice\"","status":"passed","statusDetails":{"known":false,"muted":false,"flaky":false},"stage":"finished","steps":[],"attachments":[],"parameters":[],"start":1672259163751,"stop":1672259164395},{"name":"And  user enter QTY in Quantity field","status":"passed","statusDetails":{"known":false,"muted":false,"flaky":false},"stage":"finished","steps":[],"attachments":[],"parameters":[],"start":1672259164396,"stop":1672259165802},{"name":"And  user get the product details","status":"passed","statusDetails":{"known":false,"muted":false,"flaky":false},"stage":"finished","steps":[],"attachments":[],"parameters":[],"start":1672259165802,"stop":1672259165880},{"name":"And  user select product size","status":"passed","statusDetails":{"known":false,"muted":false,"flaky":false},"stage":"finished","steps":[],"attachments":[],"parameters":[],"start":1672259165881,"stop":1672259166348},{"name":"And  user select product colour","status":"passed","statusDetails":{"known":false,"muted":false,"flaky":false},"stage":"finished","steps":[],"attachments":[],"parameters":[],"start":1672259166351,"stop":1672259166733},{"name":"And  user click on added to cart button","status":"passed","statusDetails":{"known":false,"muted":false,"flaky":false},"stage":"finished","steps":[],"attachments":[],"parameters":[],"start":1672259166736,"stop":1672259167100},{"name":"Then  user verify cart message","status":"passed","statusDetails":{"known":false,"muted":false,"flaky":false},"stage":"finished","steps":[],"attachments":[],"parameters":[],"start":1672259167100,"stop":1672259169611},{"name":"And  user navigate to mycart","status":"passed","statusDetails":{"known":false,"muted":false,"flaky":false},"stage":"finished","steps":[],"attachments":[],"parameters":[],"start":1672259169611,"stop":1672259177900},{"name":"And  user click on checkout button","status":"passed","statusDetails":{"known":false,"muted":false,"flaky":false},"stage":"finished","steps":[],"attachments":[],"parameters":[],"start":1672259177901,"stop":1672259185075},{"name":"And  user enter street address","status":"passed","statusDetails":{"known":false,"muted":false,"flaky":false},"stage":"finished","steps":[],"attachments":[],"parameters":[],"start":1672259185077,"stop":1672259193121},{"name":"And  user enter City Name","status":"passed","statusDetails":{"known":false,"muted":false,"flaky":false},"stage":"finished","steps":[],"attachments":[],"parameters":[],"start":1672259193121,"stop":1672259193730},{"name":"And  user select country name","status":"passed","statusDetails":{"known":false,"muted":false,"flaky":false},"stage":"finished","steps":[],"attachments":[],"parameters":[],"start":1672259193731,"stop":1672259194098},{"name":"And  user select state","status":"passed","statusDetails":{"known":false,"muted":false,"flaky":false},"stage":"finished","steps":[],"attachments":[],"parameters":[],"start":1672259194098,"stop":1672259194353},{"name":"And  user enter zip code","status":"passed","statusDetails":{"known":false,"muted":false,"flaky":false},"stage":"finished","steps":[],"attachments":[],"parameters":[],"start":1672259194354,"stop":1672259194625},{"name":"And  user enter phone number","status":"passed","statusDetails":{"known":false,"muted":false,"flaky":false},"stage":"finished","steps":[],"attachments":[],"parameters":[],"start":1672259194629,"stop":1672259194963},{"name":"And  user click on next button","status":"passed","statusDetails":{"known":false,"muted":false,"flaky":false},"stage":"finished","steps":[],"attachments":[],"parameters":[],"start":1672259194963,"stop":1672259195189},{"name":"And  user click on place order button","status":"broken","statusDetails":{"known":false,"muted":false,"flaky":false,"message":"element click intercepted: Element <button class=\"action primary checkout\" type=\"submit\" data-bind=\"\n                        click: placeOrder,\n                        attr: {title: $t('Place Order')},\n                        css: {disabled: !isPlaceOrderActionAllowed()},\n                        enable: (getCode() == isChecked())\n                        \" title=\"Place Order\">...</button> is not clickable at point (782, 396). Other element would receive the click: <div class=\"checkout-billing-address\">...</div>\n  (Session info: chrome=108.0.5359.125)\nBuild info: version: '4.7.2', revision: '4d4020c3b7'\nSystem info: os.name: 'Windows 10', os.arch: 'amd64', os.version: '10.0', java.version: '11.0.16'\nDriver info: org.openqa.selenium.chrome.ChromeDriver\nCommand: [a2091a3a7e5083bfe4bb02194ae75dd3, clickElement {id=8400a4c6-8a50-4b79-b653-26dc73ce1c68}]\nCapabilities {acceptInsecureCerts: false, browserName: chrome, browserVersion: 108.0.5359.125, chrome: {chromedriverVersion: 108.0.5359.71 (1e0e3868ee06..., userDataDir: C:\\Users\\infyz\\AppData\\Loca...}, goog:chromeOptions: {debuggerAddress: localhost:61042}, networkConnectionEnabled: false, pageLoadStrategy: normal, platformName: WINDOWS, proxy: Proxy(), se:cdp: ws://localhost:61042/devtoo..., se:cdpVersion: 108.0.5359.125, setWindowRect: true, strictFileInteractability: false, timeouts: {implicit: 0, pageLoad: 300000, script: 30000}, unhandledPromptBehavior: dismiss and notify, webauthn:extension:credBlob: true, webauthn:extension:largeBlob: true, webauthn:virtualAuthenticators: true}\nElement: [[ChromeDriver: chrome on WINDOWS (a2091a3a7e5083bfe4bb02194ae75dd3)] -> xpath: //div[@class='primary']/button[@title='Place Order']]\nSession ID: a2091a3a7e5083bfe4bb02194ae75dd3","trace":"org.openqa.selenium.ElementClickInterceptedException: element click intercepted: Element <button class=\"action primary checkout\" type=\"submit\" data-bind=\"\n                        click: placeOrder,\n                        attr: {title: $t('Place Order')},\n                        css: {disabled: !isPlaceOrderActionAllowed()},\n                        enable: (getCode() == isChecked())\n                        \" title=\"Place Order\">...</button> is not clickable at point (782, 396). Other element would receive the click: <div class=\"checkout-billing-address\">...</div>\n  (Session info: chrome=108.0.5359.125)\nBuild info: version: '4.7.2', revision: '4d4020c3b7'\nSystem info: os.name: 'Windows 10', os.arch: 'amd64', os.version: '10.0', java.version: '11.0.16'\nDriver info: org.openqa.selenium.chrome.ChromeDriver\nCommand: [a2091a3a7e5083bfe4bb02194ae75dd3, clickElement {id=8400a4c6-8a50-4b79-b653-26dc73ce1c68}]\nCapabilities {acceptInsecureCerts: false, browserName: chrome, browserVersion: 108.0.5359.125, chrome: {chromedriverVersion: 108.0.5359.71 (1e0e3868ee06..., userDataDir: C:\\Users\\infyz\\AppData\\Loca...}, goog:chromeOptions: {debuggerAddress: localhost:61042}, networkConnectionEnabled: false, pageLoadStrategy: normal, platformName: WINDOWS, proxy: Proxy(), se:cdp: ws://localhost:61042/devtoo..., se:cdpVersion: 108.0.5359.125, setWindowRect: true, strictFileInteractability: false, timeouts: {implicit: 0, pageLoad: 300000, script: 30000}, unhandledPromptBehavior: dismiss and notify, webauthn:extension:credBlob: true, webauthn:extension:largeBlob: true, webauthn:virtualAuthenticators: true}\nElement: [[ChromeDriver: chrome on WINDOWS (a2091a3a7e5083bfe4bb02194ae75dd3)] -> xpath: //div[@class='primary']/button[@title='Place Order']]\nSession ID: a2091a3a7e5083bfe4bb02194ae75dd3\r\n\tat java.base/jdk.internal.reflect.NativeConstructorAccessorImpl.newInstance0(Native Method)\r\n\tat java.base/jdk.internal.reflect.NativeConstructorAccessorImpl.newInstance(NativeConstructorAccessorImpl.java:62)\r\n\tat java.base/jdk.internal.reflect.DelegatingConstructorAccessorImpl.newInstance(DelegatingConstructorAccessorImpl.java:45)\r\n\tat java.base/java.lang.reflect.Constructor.newInstance(Constructor.java:490)\r\n\tat org.openqa.selenium.remote.codec.w3c.W3CHttpResponseCodec.createException(W3CHttpResponseCodec.java:200)\r\n\tat org.openqa.selenium.remote.codec.w3c.W3CHttpResponseCodec.decode(W3CHttpResponseCodec.java:133)\r\n\tat org.openqa.selenium.remote.codec.w3c.W3CHttpResponseCodec.decode(W3CHttpResponseCodec.java:53)\r\n\tat org.openqa.selenium.remote.HttpCommandExecutor.execute(HttpCommandExecutor.java:184)\r\n\tat org.openqa.selenium.remote.service.DriverCommandExecutor.invokeExecute(DriverCommandExecutor.java:167)\r\n\tat org.openqa.selenium.remote.service.DriverCommandExecutor.execute(DriverCommandExecutor.java:142)\r\n\tat org.openqa.selenium.remote.RemoteWebDriver.execute(RemoteWebDriver.java:535)\r\n\tat org.openqa.selenium.remote.RemoteWebElement.execute(RemoteWebElement.java:257)\r\n\tat org.openqa.selenium.remote.RemoteWebElement.click(RemoteWebElement.java:78)\r\n\tat java.base/jdk.internal.reflect.NativeMethodAccessorImpl.invoke0(Native Method)\r\n\tat java.base/jdk.internal.reflect.NativeMethodAccessorImpl.invoke(NativeMethodAccessorImpl.java:62)\r\n\tat java.base/jdk.internal.reflect.DelegatingMethodAccessorImpl.invoke(DelegatingMethodAccessorImpl.java:43)\r\n\tat java.base/java.lang.reflect.Method.invoke(Method.java:566)\r\n\tat org.openqa.selenium.support.pagefactory.internal.LocatingElementHandler.invoke(LocatingElementHandler.java:52)\r\n\tat com.sun.proxy.$Proxy32.click(Unknown Source)\r\n\tat pages.WomenPage.PlaceOrder(WomenPage.java:191)\r\n\tat steps.WomenTest.user_click_on_place_order_button(WomenTest.java:131)\r\n\tat ✽.user click on place order button(file:///D:/Automation%20Work%20Space/LumeProject/src/test/resources/Features/Women.feature:35)\r\n"},"stage":"finished","steps":[],"attachments":[],"parameters":[],"start":1672259195189,"stop":1672259200276},{"name":"And  user should verify \"Thank you for your purchase!\"","status":"skipped","statusDetails":{"known":false,"muted":false,"flaky":false},"stage":"finished","steps":[],"attachments":[],"parameters":[],"start":1672259200279,"stop":1672259200280},{"name":"And  user print order details","status":"skipped","statusDetails":{"known":false,"muted":false,"flaky":false},"stage":"finished","steps":[],"attachments":[],"parameters":[],"start":1672259200280,"stop":1672259200281},{"name":"Then  user click on continue shopping button","status":"skipped","statusDetails":{"known":false,"muted":false,"flaky":false},"stage":"finished","steps":[],"attachments":[],"parameters":[],"start":1672259200282,"stop":1672259200282}],"attachments":[],"parameters":[],"start":1672259097764,"stop":1672259201845}