{"uuid":"896bb599-8413-44ca-843e-a33e25f085c1","historyId":"9e91ad24e742198898fde99ebbd014ec","fullName":"Test the one product end to end functionality: ","labels":[{"name":"tag","value":"Women"},{"name":"host","value":"LAPTOP-IPIJRB2N"},{"name":"thread","value":"4844@LAPTOP-IPIJRB2N.main(1)"},{"name":"feature","value":"Test the one product end to end functionality"},{"name":"story","value":""},{"name":"suite","value":"Test the one product end to end functionality"},{"name":"testClass","value":""},{"name":"framework","value":"cucumber4jvm"},{"name":"language","value":"java"},{"name":"gherkin_uri","value":"file:///D:/Automation%20Work%20Space/LumeProject/src/test/resources/Features/Women.feature"},{"name":"package","value":"src.test.resources.Features.Women_feature.Test the one product end to end functionality"}],"links":[],"name":"","status":"broken","statusDetails":{"known":false,"muted":false,"flaky":false,"message":"element click intercepted: Element <button class=\"action primary checkout\" type=\"submit\" data-bind=\"\n                        click: placeOrder,\n                        attr: {title: $t('Place Order')},\n                        css: {disabled: !isPlaceOrderActionAllowed()},\n                        enable: (getCode() == isChecked())\n                        \" title=\"Place Order\">...</button> is not clickable at point (782, 396). Other element would receive the click: <div class=\"loading-mask\" data-role=\"loader\">...</div>\n  (Session info: chrome=108.0.5359.125)\nBuild info: version: '4.7.2', revision: '4d4020c3b7'\nSystem info: os.name: 'Windows 10', os.arch: 'amd64', os.version: '10.0', java.version: '11.0.16'\nDriver info: org.openqa.selenium.chrome.ChromeDriver\nCommand: [4140dd69db2634b1935a8527543c88e5, clickElement {id=826fc539-7766-4a6f-b20b-9a1651e3b483}]\nCapabilities {acceptInsecureCerts: false, browserName: chrome, browserVersion: 108.0.5359.125, chrome: {chromedriverVersion: 108.0.5359.71 (1e0e3868ee06..., userDataDir: C:\\Users\\infyz\\AppData\\Loca...}, goog:chromeOptions: {debuggerAddress: localhost:60478}, networkConnectionEnabled: false, pageLoadStrategy: normal, platformName: WINDOWS, proxy: Proxy(), se:cdp: ws://localhost:60478/devtoo..., se:cdpVersion: 108.0.5359.125, setWindowRect: true, strictFileInteractability: false, timeouts: {implicit: 0, pageLoad: 300000, script: 30000}, unhandledPromptBehavior: dismiss and notify, webauthn:extension:credBlob: true, webauthn:extension:largeBlob: true, webauthn:virtualAuthenticators: true}\nElement: [[ChromeDriver: chrome on WINDOWS (4140dd69db2634b1935a8527543c88e5)] -> xpath: //div[@class='primary']/button[@title='Place Order']]\nSession ID: 4140dd69db2634b1935a8527543c88e5","trace":"org.openqa.selenium.ElementClickInterceptedException: element click intercepted: Element <button class=\"action primary checkout\" type=\"submit\" data-bind=\"\n                        click: placeOrder,\n                        attr: {title: $t('Place Order')},\n                        css: {disabled: !isPlaceOrderActionAllowed()},\n                        enable: (getCode() == isChecked())\n                        \" title=\"Place Order\">...</button> is not clickable at point (782, 396). Other element would receive the click: <div class=\"loading-mask\" data-role=\"loader\">...</div>\n  (Session info: chrome=108.0.5359.125)\nBuild info: version: '4.7.2', revision: '4d4020c3b7'\nSystem info: os.name: 'Windows 10', os.arch: 'amd64', os.version: '10.0', java.version: '11.0.16'\nDriver info: org.openqa.selenium.chrome.ChromeDriver\nCommand: [4140dd69db2634b1935a8527543c88e5, clickElement {id=826fc539-7766-4a6f-b20b-9a1651e3b483}]\nCapabilities {acceptInsecureCerts: false, browserName: chrome, browserVersion: 108.0.5359.125, chrome: {chromedriverVersion: 108.0.5359.71 (1e0e3868ee06..., userDataDir: C:\\Users\\infyz\\AppData\\Loca...}, goog:chromeOptions: {debuggerAddress: localhost:60478}, networkConnectionEnabled: false, pageLoadStrategy: normal, platformName: WINDOWS, proxy: Proxy(), se:cdp: ws://localhost:60478/devtoo..., se:cdpVersion: 108.0.5359.125, setWindowRect: true, strictFileInteractability: false, timeouts: {implicit: 0, pageLoad: 300000, script: 30000}, unhandledPromptBehavior: dismiss and notify, webauthn:extension:credBlob: true, webauthn:extension:largeBlob: true, webauthn:virtualAuthenticators: true}\nElement: [[ChromeDriver: chrome on WINDOWS (4140dd69db2634b1935a8527543c88e5)] -> xpath: //div[@class='primary']/button[@title='Place Order']]\nSession ID: 4140dd69db2634b1935a8527543c88e5\r\n\tat java.base/jdk.internal.reflect.NativeConstructorAccessorImpl.newInstance0(Native Method)\r\n\tat java.base/jdk.internal.reflect.NativeConstructorAccessorImpl.newInstance(NativeConstructorAccessorImpl.java:62)\r\n\tat java.base/jdk.internal.reflect.DelegatingConstructorAccessorImpl.newInstance(DelegatingConstructorAccessorImpl.java:45)\r\n\tat java.base/java.lang.reflect.Constructor.newInstance(Constructor.java:490)\r\n\tat org.openqa.selenium.remote.codec.w3c.W3CHttpResponseCodec.createException(W3CHttpResponseCodec.java:200)\r\n\tat org.openqa.selenium.remote.codec.w3c.W3CHttpResponseCodec.decode(W3CHttpResponseCodec.java:133)\r\n\tat org.openqa.selenium.remote.codec.w3c.W3CHttpResponseCodec.decode(W3CHttpResponseCodec.java:53)\r\n\tat org.openqa.selenium.remote.HttpCommandExecutor.execute(HttpCommandExecutor.java:184)\r\n\tat org.openqa.selenium.remote.service.DriverCommandExecutor.invokeExecute(DriverCommandExecutor.java:167)\r\n\tat org.openqa.selenium.remote.service.DriverCommandExecutor.execute(DriverCommandExecutor.java:142)\r\n\tat org.openqa.selenium.remote.RemoteWebDriver.execute(RemoteWebDriver.java:535)\r\n\tat org.openqa.selenium.remote.RemoteWebElement.execute(RemoteWebElement.java:257)\r\n\tat org.openqa.selenium.remote.RemoteWebElement.click(RemoteWebElement.java:78)\r\n\tat java.base/jdk.internal.reflect.NativeMethodAccessorImpl.invoke0(Native Method)\r\n\tat java.base/jdk.internal.reflect.NativeMethodAccessorImpl.invoke(NativeMethodAccessorImpl.java:62)\r\n\tat java.base/jdk.internal.reflect.DelegatingMethodAccessorImpl.invoke(DelegatingMethodAccessorImpl.java:43)\r\n\tat java.base/java.lang.reflect.Method.invoke(Method.java:566)\r\n\tat org.openqa.selenium.support.pagefactory.internal.LocatingElementHandler.invoke(LocatingElementHandler.java:52)\r\n\tat com.sun.proxy.$Proxy32.click(Unknown Source)\r\n\tat pages.WomenPage.PlaceOrder(WomenPage.java:190)\r\n\tat steps.WomenTest.user_click_on_place_order_button(WomenTest.java:131)\r\n\tat ✽.user click on place order button(file:///D:/Automation%20Work%20Space/LumeProject/src/test/resources/Features/Women.feature:35)\r\n"},"stage":"finished","steps":[{"name":"Given  user navigate to the Application","status":"passed","statusDetails":{"known":false,"muted":false,"flaky":false},"stage":"finished","steps":[],"attachments":[],"parameters":[],"start":1672258586105,"stop":1672258601723},{"name":"And  user navigated to login page","status":"passed","statusDetails":{"known":false,"muted":false,"flaky":false},"stage":"finished","steps":[],"attachments":[],"parameters":[],"start":1672258601724,"stop":1672258606728},{"name":"When  user enter username and password","status":"passed","statusDetails":{"known":false,"muted":false,"flaky":false},"stage":"finished","steps":[],"attachments":[],"parameters":[],"start":1672258606728,"stop":1672258608426},{"name":"And  user should be logged in","status":"passed","statusDetails":{"known":false,"muted":false,"flaky":false},"stage":"finished","steps":[],"attachments":[],"parameters":[],"start":1672258608426,"stop":1672258614228},{"name":"Then  user should see \"Welcome, satya prasad!\"","status":"passed","statusDetails":{"known":false,"muted":false,"flaky":false},"stage":"finished","steps":[],"attachments":[],"parameters":[],"start":1672258614228,"stop":1672258614630},{"name":"Given  user click on \"Women\" Drop down","status":"passed","statusDetails":{"known":false,"muted":false,"flaky":false},"stage":"finished","steps":[],"attachments":[],"parameters":[],"start":1672258614630,"stop":1672258620216},{"name":"And  user verify \"Women\" breadcrum","status":"passed","statusDetails":{"known":false,"muted":false,"flaky":false},"stage":"finished","steps":[],"attachments":[],"parameters":[],"start":1672258620217,"stop":1672258621279},{"name":"And  user click on \"Hoodies & Sweatshirts\"","status":"passed","statusDetails":{"known":false,"muted":false,"flaky":false},"stage":"finished","steps":[],"attachments":[],"parameters":[],"start":1672258621280,"stop":1672258632096},{"name":"Then  user should see the text of \"Hoodies & Sweatshirts\"","status":"passed","statusDetails":{"known":false,"muted":false,"flaky":false},"stage":"finished","steps":[],"attachments":[],"parameters":[],"start":1672258632097,"stop":1672258632477},{"name":"And  user select any of the product","status":"passed","statusDetails":{"known":false,"muted":false,"flaky":false},"stage":"finished","steps":[],"attachments":[],"parameters":[],"start":1672258632477,"stop":1672258637218},{"name":"Then  user should see ItemName \"Item Name\"","status":"passed","statusDetails":{"known":false,"muted":false,"flaky":false},"stage":"finished","steps":[],"attachments":[],"parameters":[],"start":1672258637218,"stop":1672258638184},{"name":"And  user should see ItemPrice \"ItemPrice\"","status":"passed","statusDetails":{"known":false,"muted":false,"flaky":false},"stage":"finished","steps":[],"attachments":[],"parameters":[],"start":1672258638185,"stop":1672258638759},{"name":"And  user enter QTY in Quantity field","status":"passed","statusDetails":{"known":false,"muted":false,"flaky":false},"stage":"finished","steps":[],"attachments":[],"parameters":[],"start":1672258638760,"stop":1672258639896},{"name":"And  user get the product details","status":"passed","statusDetails":{"known":false,"muted":false,"flaky":false},"stage":"finished","steps":[],"attachments":[],"parameters":[],"start":1672258639901,"stop":1672258639967},{"name":"And  user select product size","status":"passed","statusDetails":{"known":false,"muted":false,"flaky":false},"stage":"finished","steps":[],"attachments":[],"parameters":[],"start":1672258639968,"stop":1672258640395},{"name":"And  user select product colour","status":"passed","statusDetails":{"known":false,"muted":false,"flaky":false},"stage":"finished","steps":[],"attachments":[],"parameters":[],"start":1672258640395,"stop":1672258640796},{"name":"And  user click on added to cart button","status":"passed","statusDetails":{"known":false,"muted":false,"flaky":false},"stage":"finished","steps":[],"attachments":[],"parameters":[],"start":1672258640796,"stop":1672258641183},{"name":"Then  user verify cart message","status":"passed","statusDetails":{"known":false,"muted":false,"flaky":false},"stage":"finished","steps":[],"attachments":[],"parameters":[],"start":1672258641184,"stop":1672258643299},{"name":"And  user navigate to mycart","status":"passed","statusDetails":{"known":false,"muted":false,"flaky":false},"stage":"finished","steps":[],"attachments":[],"parameters":[],"start":1672258643299,"stop":1672258649753},{"name":"And  user click on checkout button","status":"passed","statusDetails":{"known":false,"muted":false,"flaky":false},"stage":"finished","steps":[],"attachments":[],"parameters":[],"start":1672258649755,"stop":1672258655666},{"name":"And  user enter street address","status":"passed","statusDetails":{"known":false,"muted":false,"flaky":false},"stage":"finished","steps":[],"attachments":[],"parameters":[],"start":1672258655666,"stop":1672258664964},{"name":"And  user enter City Name","status":"passed","statusDetails":{"known":false,"muted":false,"flaky":false},"stage":"finished","steps":[],"attachments":[],"parameters":[],"start":1672258664964,"stop":1672258665490},{"name":"And  user select country name","status":"passed","statusDetails":{"known":false,"muted":false,"flaky":false},"stage":"finished","steps":[],"attachments":[],"parameters":[],"start":1672258665490,"stop":1672258665900},{"name":"And  user select state","status":"passed","statusDetails":{"known":false,"muted":false,"flaky":false},"stage":"finished","steps":[],"attachments":[],"parameters":[],"start":1672258665900,"stop":1672258666230},{"name":"And  user enter zip code","status":"passed","statusDetails":{"known":false,"muted":false,"flaky":false},"stage":"finished","steps":[],"attachments":[],"parameters":[],"start":1672258666230,"stop":1672258666543},{"name":"And  user enter phone number","status":"passed","statusDetails":{"known":false,"muted":false,"flaky":false},"stage":"finished","steps":[],"attachments":[],"parameters":[],"start":1672258666544,"stop":1672258666898},{"name":"And  user click on next button","status":"passed","statusDetails":{"known":false,"muted":false,"flaky":false},"stage":"finished","steps":[],"attachments":[],"parameters":[],"start":1672258666899,"stop":1672258667079},{"name":"And  user click on place order button","status":"broken","statusDetails":{"known":false,"muted":false,"flaky":false,"message":"element click intercepted: Element <button class=\"action primary checkout\" type=\"submit\" data-bind=\"\n                        click: placeOrder,\n                        attr: {title: $t('Place Order')},\n                        css: {disabled: !isPlaceOrderActionAllowed()},\n                        enable: (getCode() == isChecked())\n                        \" title=\"Place Order\">...</button> is not clickable at point (782, 396). Other element would receive the click: <div class=\"loading-mask\" data-role=\"loader\">...</div>\n  (Session info: chrome=108.0.5359.125)\nBuild info: version: '4.7.2', revision: '4d4020c3b7'\nSystem info: os.name: 'Windows 10', os.arch: 'amd64', os.version: '10.0', java.version: '11.0.16'\nDriver info: org.openqa.selenium.chrome.ChromeDriver\nCommand: [4140dd69db2634b1935a8527543c88e5, clickElement {id=826fc539-7766-4a6f-b20b-9a1651e3b483}]\nCapabilities {acceptInsecureCerts: false, browserName: chrome, browserVersion: 108.0.5359.125, chrome: {chromedriverVersion: 108.0.5359.71 (1e0e3868ee06..., userDataDir: C:\\Users\\infyz\\AppData\\Loca...}, goog:chromeOptions: {debuggerAddress: localhost:60478}, networkConnectionEnabled: false, pageLoadStrategy: normal, platformName: WINDOWS, proxy: Proxy(), se:cdp: ws://localhost:60478/devtoo..., se:cdpVersion: 108.0.5359.125, setWindowRect: true, strictFileInteractability: false, timeouts: {implicit: 0, pageLoad: 300000, script: 30000}, unhandledPromptBehavior: dismiss and notify, webauthn:extension:credBlob: true, webauthn:extension:largeBlob: true, webauthn:virtualAuthenticators: true}\nElement: [[ChromeDriver: chrome on WINDOWS (4140dd69db2634b1935a8527543c88e5)] -> xpath: //div[@class='primary']/button[@title='Place Order']]\nSession ID: 4140dd69db2634b1935a8527543c88e5","trace":"org.openqa.selenium.ElementClickInterceptedException: element click intercepted: Element <button class=\"action primary checkout\" type=\"submit\" data-bind=\"\n                        click: placeOrder,\n                        attr: {title: $t('Place Order')},\n                        css: {disabled: !isPlaceOrderActionAllowed()},\n                        enable: (getCode() == isChecked())\n                        \" title=\"Place Order\">...</button> is not clickable at point (782, 396). Other element would receive the click: <div class=\"loading-mask\" data-role=\"loader\">...</div>\n  (Session info: chrome=108.0.5359.125)\nBuild info: version: '4.7.2', revision: '4d4020c3b7'\nSystem info: os.name: 'Windows 10', os.arch: 'amd64', os.version: '10.0', java.version: '11.0.16'\nDriver info: org.openqa.selenium.chrome.ChromeDriver\nCommand: [4140dd69db2634b1935a8527543c88e5, clickElement {id=826fc539-7766-4a6f-b20b-9a1651e3b483}]\nCapabilities {acceptInsecureCerts: false, browserName: chrome, browserVersion: 108.0.5359.125, chrome: {chromedriverVersion: 108.0.5359.71 (1e0e3868ee06..., userDataDir: C:\\Users\\infyz\\AppData\\Loca...}, goog:chromeOptions: {debuggerAddress: localhost:60478}, networkConnectionEnabled: false, pageLoadStrategy: normal, platformName: WINDOWS, proxy: Proxy(), se:cdp: ws://localhost:60478/devtoo..., se:cdpVersion: 108.0.5359.125, setWindowRect: true, strictFileInteractability: false, timeouts: {implicit: 0, pageLoad: 300000, script: 30000}, unhandledPromptBehavior: dismiss and notify, webauthn:extension:credBlob: true, webauthn:extension:largeBlob: true, webauthn:virtualAuthenticators: true}\nElement: [[ChromeDriver: chrome on WINDOWS (4140dd69db2634b1935a8527543c88e5)] -> xpath: //div[@class='primary']/button[@title='Place Order']]\nSession ID: 4140dd69db2634b1935a8527543c88e5\r\n\tat java.base/jdk.internal.reflect.NativeConstructorAccessorImpl.newInstance0(Native Method)\r\n\tat java.base/jdk.internal.reflect.NativeConstructorAccessorImpl.newInstance(NativeConstructorAccessorImpl.java:62)\r\n\tat java.base/jdk.internal.reflect.DelegatingConstructorAccessorImpl.newInstance(DelegatingConstructorAccessorImpl.java:45)\r\n\tat java.base/java.lang.reflect.Constructor.newInstance(Constructor.java:490)\r\n\tat org.openqa.selenium.remote.codec.w3c.W3CHttpResponseCodec.createException(W3CHttpResponseCodec.java:200)\r\n\tat org.openqa.selenium.remote.codec.w3c.W3CHttpResponseCodec.decode(W3CHttpResponseCodec.java:133)\r\n\tat org.openqa.selenium.remote.codec.w3c.W3CHttpResponseCodec.decode(W3CHttpResponseCodec.java:53)\r\n\tat org.openqa.selenium.remote.HttpCommandExecutor.execute(HttpCommandExecutor.java:184)\r\n\tat org.openqa.selenium.remote.service.DriverCommandExecutor.invokeExecute(DriverCommandExecutor.java:167)\r\n\tat org.openqa.selenium.remote.service.DriverCommandExecutor.execute(DriverCommandExecutor.java:142)\r\n\tat org.openqa.selenium.remote.RemoteWebDriver.execute(RemoteWebDriver.java:535)\r\n\tat org.openqa.selenium.remote.RemoteWebElement.execute(RemoteWebElement.java:257)\r\n\tat org.openqa.selenium.remote.RemoteWebElement.click(RemoteWebElement.java:78)\r\n\tat java.base/jdk.internal.reflect.NativeMethodAccessorImpl.invoke0(Native Method)\r\n\tat java.base/jdk.internal.reflect.NativeMethodAccessorImpl.invoke(NativeMethodAccessorImpl.java:62)\r\n\tat java.base/jdk.internal.reflect.DelegatingMethodAccessorImpl.invoke(DelegatingMethodAccessorImpl.java:43)\r\n\tat java.base/java.lang.reflect.Method.invoke(Method.java:566)\r\n\tat org.openqa.selenium.support.pagefactory.internal.LocatingElementHandler.invoke(LocatingElementHandler.java:52)\r\n\tat com.sun.proxy.$Proxy32.click(Unknown Source)\r\n\tat pages.WomenPage.PlaceOrder(WomenPage.java:190)\r\n\tat steps.WomenTest.user_click_on_place_order_button(WomenTest.java:131)\r\n\tat ✽.user click on place order button(file:///D:/Automation%20Work%20Space/LumeProject/src/test/resources/Features/Women.feature:35)\r\n"},"stage":"finished","steps":[],"attachments":[],"parameters":[],"start":1672258667079,"stop":1672258691428},{"name":"And  user should verify \"Thank you for your purchase!\"","status":"skipped","statusDetails":{"known":false,"muted":false,"flaky":false},"stage":"finished","steps":[],"attachments":[],"parameters":[],"start":1672258691432,"stop":1672258691433},{"name":"And  user print order details","status":"skipped","statusDetails":{"known":false,"muted":false,"flaky":false},"stage":"finished","steps":[],"attachments":[],"parameters":[],"start":1672258691433,"stop":1672258691434},{"name":"Then  user click on continue shopping button","status":"skipped","statusDetails":{"known":false,"muted":false,"flaky":false},"stage":"finished","steps":[],"attachments":[],"parameters":[],"start":1672258691434,"stop":1672258691437}],"attachments":[],"parameters":[],"start":1672258582065,"stop":1672258694425}